mode: set
github.com/23technologies/gardener-extension-provider-hcloud/pkg/controller/worker/machine_images.go:28.79,29.28 1 0
github.com/23technologies/gardener-extension-provider-hcloud/pkg/controller/worker/machine_images.go:36.2,37.16 2 0
github.com/23technologies/gardener-extension-provider-hcloud/pkg/controller/worker/machine_images.go:41.2,42.56 2 0
github.com/23technologies/gardener-extension-provider-hcloud/pkg/controller/worker/machine_images.go:29.28,30.54 1 0
github.com/23technologies/gardener-extension-provider-hcloud/pkg/controller/worker/machine_images.go:30.54,32.4 1 0
github.com/23technologies/gardener-extension-provider-hcloud/pkg/controller/worker/machine_images.go:37.16,39.3 1 0
github.com/23technologies/gardener-extension-provider-hcloud/pkg/controller/worker/machine_images.go:45.60,47.2 1 0
github.com/23technologies/gardener-extension-provider-hcloud/pkg/controller/worker/machine_images.go:49.112,50.107 1 0
github.com/23technologies/gardener-extension-provider-hcloud/pkg/controller/worker/machine_images.go:53.2,53.22 1 0
github.com/23technologies/gardener-extension-provider-hcloud/pkg/controller/worker/machine_images.go:50.107,52.3 1 0
github.com/23technologies/gardener-extension-provider-hcloud/pkg/controller/worker/machines.go:42.52,44.2 1 1
github.com/23technologies/gardener-extension-provider-hcloud/pkg/controller/worker/machines.go:47.56,49.2 1 1
github.com/23technologies/gardener-extension-provider-hcloud/pkg/controller/worker/machines.go:52.60,54.2 1 0
github.com/23technologies/gardener-extension-provider-hcloud/pkg/controller/worker/machines.go:57.74,58.29 1 0
github.com/23technologies/gardener-extension-provider-hcloud/pkg/controller/worker/machines.go:63.2,63.211 1 0
github.com/23technologies/gardener-extension-provider-hcloud/pkg/controller/worker/machines.go:58.29,59.54 1 0
github.com/23technologies/gardener-extension-provider-hcloud/pkg/controller/worker/machines.go:59.54,61.4 1 0
github.com/23technologies/gardener-extension-provider-hcloud/pkg/controller/worker/machines.go:67.109,68.33 1 0
github.com/23technologies/gardener-extension-provider-hcloud/pkg/controller/worker/machines.go:73.2,73.34 1 0
github.com/23technologies/gardener-extension-provider-hcloud/pkg/controller/worker/machines.go:68.33,69.54 1 0
github.com/23technologies/gardener-extension-provider-hcloud/pkg/controller/worker/machines.go:69.54,71.4 1 0
github.com/23technologies/gardener-extension-provider-hcloud/pkg/controller/worker/machines.go:76.105,78.16 2 0
github.com/23technologies/gardener-extension-provider-hcloud/pkg/controller/worker/machines.go:82.2,83.16 2 0
github.com/23technologies/gardener-extension-provider-hcloud/pkg/controller/worker/machines.go:87.2,88.19 2 0
github.com/23technologies/gardener-extension-provider-hcloud/pkg/controller/worker/machines.go:92.2,94.8 1 0
github.com/23technologies/gardener-extension-provider-hcloud/pkg/controller/worker/machines.go:78.16,80.3 1 0
github.com/23technologies/gardener-extension-provider-hcloud/pkg/controller/worker/machines.go:83.16,85.3 1 0
github.com/23technologies/gardener-extension-provider-hcloud/pkg/controller/worker/machines.go:88.19,90.3 1 0
github.com/23technologies/gardener-extension-provider-hcloud/pkg/controller/worker/machines.go:97.75,105.16 3 0
github.com/23technologies/gardener-extension-provider-hcloud/pkg/controller/worker/machines.go:109.2,109.42 1 0
github.com/23technologies/gardener-extension-provider-hcloud/pkg/controller/worker/machines.go:112.2,112.35 1 0
github.com/23technologies/gardener-extension-provider-hcloud/pkg/controller/worker/machines.go:115.2,115.43 1 0
github.com/23technologies/gardener-extension-provider-hcloud/pkg/controller/worker/machines.go:201.2,205.12 3 0
github.com/23technologies/gardener-extension-provider-hcloud/pkg/controller/worker/machines.go:105.16,107.3 1 0
github.com/23technologies/gardener-extension-provider-hcloud/pkg/controller/worker/machines.go:109.42,111.3 1 0
github.com/23technologies/gardener-extension-provider-hcloud/pkg/controller/worker/machines.go:112.35,114.3 1 0
github.com/23technologies/gardener-extension-provider-hcloud/pkg/controller/worker/machines.go:115.43,118.17 2 0
github.com/23technologies/gardener-extension-provider-hcloud/pkg/controller/worker/machines.go:122.3,122.17 1 0
github.com/23technologies/gardener-extension-provider-hcloud/pkg/controller/worker/machines.go:130.3,131.17 2 0
github.com/23technologies/gardener-extension-provider-hcloud/pkg/controller/worker/machines.go:137.3,164.39 2 0
github.com/23technologies/gardener-extension-provider-hcloud/pkg/controller/worker/machines.go:173.3,194.44 5 0
github.com/23technologies/gardener-extension-provider-hcloud/pkg/controller/worker/machines.go:198.3,198.60 1 0
github.com/23technologies/gardener-extension-provider-hcloud/pkg/controller/worker/machines.go:118.17,120.4 1 0
github.com/23technologies/gardener-extension-provider-hcloud/pkg/controller/worker/machines.go:122.17,124.4 1 0
github.com/23technologies/gardener-extension-provider-hcloud/pkg/controller/worker/machines.go:131.17,133.4 1 0
github.com/23technologies/gardener-extension-provider-hcloud/pkg/controller/worker/machines.go:164.39,168.54 1 0
github.com/23technologies/gardener-extension-provider-hcloud/pkg/controller/worker/machines.go:168.54,170.5 1 0
github.com/23technologies/gardener-extension-provider-hcloud/pkg/controller/worker/machines.go:194.44,196.4 1 0
github.com/23technologies/gardener-extension-provider-hcloud/pkg/controller/worker/machines.go:215.95,217.62 2 0
github.com/23technologies/gardener-extension-provider-hcloud/pkg/controller/worker/machines.go:223.2,223.24 1 0
github.com/23technologies/gardener-extension-provider-hcloud/pkg/controller/worker/machines.go:228.2,261.16 3 0
github.com/23technologies/gardener-extension-provider-hcloud/pkg/controller/worker/machines.go:265.2,265.59 1 0
github.com/23technologies/gardener-extension-provider-hcloud/pkg/controller/worker/machines.go:272.2,272.20 1 0
github.com/23technologies/gardener-extension-provider-hcloud/pkg/controller/worker/machines.go:217.62,218.33 1 0
github.com/23technologies/gardener-extension-provider-hcloud/pkg/controller/worker/machines.go:218.33,220.9 2 0
github.com/23technologies/gardener-extension-provider-hcloud/pkg/controller/worker/machines.go:223.24,226.3 2 0
github.com/23technologies/gardener-extension-provider-hcloud/pkg/controller/worker/machines.go:261.16,263.3 1 0
github.com/23technologies/gardener-extension-provider-hcloud/pkg/controller/worker/machines.go:265.59,266.33 1 0
github.com/23technologies/gardener-extension-provider-hcloud/pkg/controller/worker/machines.go:266.33,268.9 2 0
github.com/23technologies/gardener-extension-provider-hcloud/pkg/controller/worker/actuator.go:45.36,59.2 2 0
github.com/23technologies/gardener-extension-provider-hcloud/pkg/controller/worker/actuator.go:61.177,63.16 2 0
github.com/23technologies/gardener-extension-provider-hcloud/pkg/controller/worker/actuator.go:67.2,68.16 2 0
github.com/23technologies/gardener-extension-provider-hcloud/pkg/controller/worker/actuator.go:72.2,73.16 2 0
github.com/23technologies/gardener-extension-provider-hcloud/pkg/controller/worker/actuator.go:77.2,84.3 1 0
github.com/23technologies/gardener-extension-provider-hcloud/pkg/controller/worker/actuator.go:63.16,65.3 1 0
github.com/23technologies/gardener-extension-provider-hcloud/pkg/controller/worker/actuator.go:68.16,70.3 1 0
github.com/23technologies/gardener-extension-provider-hcloud/pkg/controller/worker/actuator.go:73.16,75.3 1 0
github.com/23technologies/gardener-extension-provider-hcloud/pkg/controller/worker/actuator.go:111.43,113.16 2 1
github.com/23technologies/gardener-extension-provider-hcloud/pkg/controller/worker/actuator.go:117.2,126.8 1 1
github.com/23technologies/gardener-extension-provider-hcloud/pkg/controller/worker/actuator.go:113.16,115.3 1 0
github.com/23technologies/gardener-extension-provider-hcloud/pkg/controller/worker/add.go:43.74,45.64 2 0
github.com/23technologies/gardener-extension-provider-hcloud/pkg/controller/worker/add.go:48.2,48.58 1 0
github.com/23technologies/gardener-extension-provider-hcloud/pkg/controller/worker/add.go:52.2,57.4 1 0
github.com/23technologies/gardener-extension-provider-hcloud/pkg/controller/worker/add.go:45.64,47.3 1 0
github.com/23technologies/gardener-extension-provider-hcloud/pkg/controller/worker/add.go:48.58,50.3 1 0
github.com/23technologies/gardener-extension-provider-hcloud/pkg/controller/worker/add.go:61.46,63.2 1 0
github.com/23technologies/gardener-extension-provider-hcloud/pkg/controller/worker/helper.go:34.83,37.43 2 0
github.com/23technologies/gardener-extension-provider-hcloud/pkg/controller/worker/helper.go:41.2,41.104 1 0
github.com/23technologies/gardener-extension-provider-hcloud/pkg/controller/worker/helper.go:45.2,45.26 1 0
github.com/23technologies/gardener-extension-provider-hcloud/pkg/controller/worker/helper.go:37.43,39.3 1 0
github.com/23technologies/gardener-extension-provider-hcloud/pkg/controller/worker/helper.go:41.104,43.3 1 0
github.com/23technologies/gardener-extension-provider-hcloud/pkg/controller/worker/helper.go:48.113,56.84 2 0
github.com/23technologies/gardener-extension-provider-hcloud/pkg/controller/worker/helper.go:60.2,60.98 1 0
github.com/23technologies/gardener-extension-provider-hcloud/pkg/controller/worker/helper.go:56.84,58.3 1 0
github.com/23technologies/gardener-extension-provider-hcloud/pkg/controller/worker/helper.go:60.98,63.3 2 0
github.com/23technologies/gardener-extension-provider-hcloud/pkg/controller/worker/machine_controller_manager.go:60.118,62.86 2 0
github.com/23technologies/gardener-extension-provider-hcloud/pkg/controller/worker/machine_controller_manager.go:66.2,74.8 1 0
github.com/23technologies/gardener-extension-provider-hcloud/pkg/controller/worker/machine_controller_manager.go:62.86,64.3 1 0
github.com/23technologies/gardener-extension-provider-hcloud/pkg/controller/worker/machine_controller_manager.go:77.123,81.2 1 0
github.com/23technologies/gardener-extension-provider-hcloud/pkg/controller/worker/machine_controller_manager.go:85.118,87.2 1 0
github.com/23technologies/gardener-extension-provider-hcloud/pkg/controller/worker/machine_dependencies.go:22.77,24.2 1 0
github.com/23technologies/gardener-extension-provider-hcloud/pkg/controller/worker/machine_dependencies.go:26.80,28.2 1 0
